#
# There is insufficient memory for the Java Runtime Environment to continue.
# Native memory allocation (malloc) failed to allocate 970976 bytes for Chunk::new
# Possible reasons:
#   The system is out of physical RAM or swap space
#   The process is running with CompressedOops enabled, and the Java Heap may be blocking the growth of the native heap
# Possible solutions:
#   Reduce memory load on the system
#   Increase physical memory or swap space
#   Check if swap backing store is full
#   Decrease Java heap size (-Xmx/-Xms)
#   Decrease number of Java threads
#   Decrease Java thread stack sizes (-Xss)
#   Set larger code cache with -XX:ReservedCodeCacheSize=
#   JVM is running with Unscaled Compressed Oops mode in which the Java heap is
#     placed in the first 4GB address space. The Java Heap base address is the
#     maximum limit for the native heap growth. Please use -XX:HeapBaseMinAddress
#     to set the Java Heap base and to place the Java Heap above 4GB virtual address.
# This output file may be truncated or incomplete.
#
#  Out of Memory Error (arena.cpp:191), pid=6948, tid=2440
#
# JRE version: OpenJDK Runtime Environment Temurin-17.0.9+9 (17.0.9+9) (build 17.0.9+9)
# Java VM: OpenJDK 64-Bit Server VM Temurin-17.0.9+9 (17.0.9+9, mixed mode, tiered, compressed oops, compressed class ptrs, parallel gc, windows-amd64)
# No core dump will be written. Minidumps are not enabled by default on client versions of Windows
#

---------------  S U M M A R Y ------------

Command Line: --add-modules=ALL-SYSTEM --add-opens=java.base/java.util=ALL-UNNAMED --add-opens=java.base/java.lang=ALL-UNNAMED --add-opens=java.base/sun.nio.fs=ALL-UNNAMED -Declipse.application=org.eclipse.jdt.ls.core.id1 -Dosgi.bundles.defaultStartLevel=4 -Declipse.product=org.eclipse.jdt.ls.core.product -Djava.import.generatesMetadataFilesAtProjectRoot=false -DDetectVMInstallationsJob.disabled=true -Dfile.encoding=utf8 -XX:+UseParallelGC -XX:GCTimeRatio=4 -XX:AdaptiveSizePolicyWeight=90 -Dsun.zip.disableMemoryMapping=true -Xmx1G -Xms100m -Xlog:disable -javaagent:c:\Users\user\.vscode\extensions\redhat.java-1.25.0-win32-x64\lombok\lombok-1.18.30.jar c:\Users\user\.vscode\extensions\redhat.java-1.25.0-win32-x64\server\plugins\org.eclipse.equinox.launcher_1.6.600.v20231012-1237.jar -configuration c:\Users\user\AppData\Roaming\Code\User\globalStorage\redhat.java\1.25.0\config_ss_win -data c:\Users\user\AppData\Roaming\Code\User\workspaceStorage\abeb2184644045fce49d04a40c4006c5\redhat.java\ss_ws --stdio

Host: Intel(R) Core(TM) i3-2370M CPU @ 2.40GHz, 4 cores, 1G,  Windows 10 , 64 bit Build 19041 (10.0.19041.3636)
Time: Thu Dec  7 16:41:04 2023 India Standard Time elapsed time: 59.302953 seconds (0d 0h 0m 59s)

---------------  T H R E A D  ---------------

Current thread (0x00000228978305e0):  JavaThread "C2 CompilerThread0" daemon [_thread_in_native, id=2440, stack(0x0000008dc7800000,0x0000008dc7900000)]


Current CompileTask:
C2:  59303 1984       4       org.apache.felix.resolver.ResolverImpl::mergeUses (495 bytes)

Stack: [0x0000008dc7800000,0x0000008dc7900000]
Native frames: (J=compiled Java code, j=interpreted, Vv=VM code, C=native code)
V  [jvm.dll+0x67cf49]
V  [jvm.dll+0x83478a]
V  [jvm.dll+0x83624e]
V  [jvm.dll+0x8368b3]
V  [jvm.dll+0x247f1f]
V  [jvm.dll+0xac43c]
V  [jvm.dll+0xaca8c]
V  [jvm.dll+0x2af45f]
V  [jvm.dll+0x5853f7]
V  [jvm.dll+0x222f62]
V  [jvm.dll+0x22334f]
V  [jvm.dll+0x21c476]
V  [jvm.dll+0x2198c1]
V  [jvm.dll+0x1a57cd]
V  [jvm.dll+0x2297ae]
V  [jvm.dll+0x22797c]
V  [jvm.dll+0x7e9877]
V  [jvm.dll+0x7e3c3a]
V  [jvm.dll+0x67be35]
C  [ucrtbase.dll+0x21bb2]
C  [KERNEL32.DLL+0x17344]
C  [ntdll.dll+0x526b1]


---------------  P R O C E S S  ---------------

Threads class SMR info:
_java_thread_list=0x000002289d523040, length=20, elements={
0x00000228839b7cd0, 0x00000228977f8b80, 0x00000228977fa5b0, 0x0000022897825540,
0x0000022897826a70, 0x000002289782a460, 0x000002289782f9e0, 0x00000228978305e0,
0x0000022897832db0, 0x000002289785c200, 0x000002289ca55850, 0x000002289cc07d80,
0x000002289ce274f0, 0x000002289cca2810, 0x000002289cca18e0, 0x000002289cca2d20,
0x000002289cca13d0, 0x000002289cca1df0, 0x000002289cca2300, 0x000002289d3dde80
}

Java Threads: ( => current thread )
  0x00000228839b7cd0 JavaThread "main" [_thread_in_Java, id=2204, stack(0x0000008dc6f00000,0x0000008dc7000000)]
  0x00000228977f8b80 JavaThread "Reference Handler" daemon [_thread_blocked, id=436, stack(0x0000008dc7200000,0x0000008dc7300000)]
  0x00000228977fa5b0 JavaThread "Finalizer" daemon [_thread_blocked, id=3708, stack(0x0000008dc7300000,0x0000008dc7400000)]
  0x0000022897825540 JavaThread "Signal Dispatcher" daemon [_thread_blocked, id=4296, stack(0x0000008dc7400000,0x0000008dc7500000)]
  0x0000022897826a70 JavaThread "Attach Listener" daemon [_thread_blocked, id=7976, stack(0x0000008dc7500000,0x0000008dc7600000)]
  0x000002289782a460 JavaThread "Service Thread" daemon [_thread_blocked, id=9396, stack(0x0000008dc7600000,0x0000008dc7700000)]
  0x000002289782f9e0 JavaThread "Monitor Deflation Thread" daemon [_thread_blocked, id=4104, stack(0x0000008dc7700000,0x0000008dc7800000)]
=>0x00000228978305e0 JavaThread "C2 CompilerThread0" daemon [_thread_in_native, id=2440, stack(0x0000008dc7800000,0x0000008dc7900000)]
  0x0000022897832db0 JavaThread "C1 CompilerThread0" daemon [_thread_in_native, id=1824, stack(0x0000008dc7900000,0x0000008dc7a00000)]
  0x000002289785c200 JavaThread "Sweeper thread" daemon [_thread_blocked, id=3124, stack(0x0000008dc7a00000,0x0000008dc7b00000)]
  0x000002289ca55850 JavaThread "Common-Cleaner" daemon [_thread_blocked, id=7512, stack(0x0000008dc7b00000,0x0000008dc7c00000)]
  0x000002289cc07d80 JavaThread "Notification Thread" daemon [_thread_blocked, id=12720, stack(0x0000008dc7c00000,0x0000008dc7d00000)]
  0x000002289ce274f0 JavaThread "Active Thread: Equinox Container: 48f5cd0d-3f00-4fd5-b66a-f6baa6a4f266" [_thread_blocked, id=8916, stack(0x0000008dc8500000,0x0000008dc8600000)]
  0x000002289cca2810 JavaThread "Framework Event Dispatcher: Equinox Container: 48f5cd0d-3f00-4fd5-b66a-f6baa6a4f266" daemon [_thread_blocked, id=7476, stack(0x0000008dc8100000,0x0000008dc8200000)]
  0x000002289cca18e0 JavaThread "Start Level: Equinox Container: 48f5cd0d-3f00-4fd5-b66a-f6baa6a4f266" daemon [_thread_blocked, id=4516, stack(0x0000008dc8200000,0x0000008dc8300000)]
  0x000002289cca2d20 JavaThread "Refresh Thread: Equinox Container: 48f5cd0d-3f00-4fd5-b66a-f6baa6a4f266" daemon [_thread_in_Java, id=5892, stack(0x0000008dc8300000,0x0000008dc8400000)]
  0x000002289cca13d0 JavaThread "Equinox resolver thread - Equinox Container: 48f5cd0d-3f00-4fd5-b66a-f6baa6a4f266" daemon [_thread_blocked, id=12680, stack(0x0000008dc8400000,0x0000008dc8500000)]
  0x000002289cca1df0 JavaThread "Equinox resolver thread - Equinox Container: 48f5cd0d-3f00-4fd5-b66a-f6baa6a4f266" daemon [_thread_blocked, id=6776, stack(0x0000008dc8600000,0x0000008dc8700000)]
  0x000002289cca2300 JavaThread "Equinox resolver thread - Equinox Container: 48f5cd0d-3f00-4fd5-b66a-f6baa6a4f266" daemon [_thread_blocked, id=8468, stack(0x0000008dc8700000,0x0000008dc8800000)]
  0x000002289d3dde80 JavaThread "Equinox resolver thread - Equinox Container: 48f5cd0d-3f00-4fd5-b66a-f6baa6a4f266" daemon [_thread_blocked, id=4692, stack(0x0000008dc8800000,0x0000008dc8900000)]

Other Threads:
  0x00000228977eaac0 VMThread "VM Thread" [stack: 0x0000008dc7100000,0x0000008dc7200000] [id=1776]
  0x000002289cc08260 WatcherThread [stack: 0x0000008dc7d00000,0x0000008dc7e00000] [id=7580]
  0x00000228839cd460 GCTaskThread "GC Thread#0" [stack: 0x0000008dc7000000,0x0000008dc7100000] [id=12424]
  0x000002289d0a9900 GCTaskThread "GC Thread#1" [stack: 0x0000008dc7e00000,0x0000008dc7f00000] [id=4880]
  0x000002289d16f070 GCTaskThread "GC Thread#2" [stack: 0x0000008dc7f00000,0x0000008dc8000000] [id=1888]
  0x000002289d16f330 GCTaskThread "GC Thread#3" [stack: 0x0000008dc8000000,0x0000008dc8100000] [id=8736]

Threads with active compile tasks:
C2 CompilerThread0    59629 1984       4       org.apache.felix.resolver.ResolverImpl::mergeUses (495 bytes)
C1 CompilerThread0    59630 1994       3       org.apache.felix.resolver.ResolverImpl::checkPackageSpaceConsistency (1205 bytes)

VM state: not at safepoint (normal execution)

VM Mutex/Monitor currently owned by a thread: None

Heap address: 0x00000000c0000000, size: 1024 MB, Compressed Oops mode: 32-bit

CDS archive(s) not mapped
Compressed class space mapped at: 0x0000000100000000-0x0000000140000000, reserved size: 1073741824
Narrow klass base: 0x0000000000000000, Narrow klass shift: 3, Narrow klass range: 0x140000000

GC Precious Log:
 CPUs: 4 total, 4 available
 Memory: 1955M
 Large Page Support: Disabled
 NUMA Support: Disabled
 Compressed Oops: Enabled (32-bit)
 Alignments: Space 512K, Generation 512K, Heap 2M
 Heap Min Capacity: 100M
 Heap Initial Capacity: 100M
 Heap Max Capacity: 1G
 Pre-touch: Disabled
 Parallel Workers: 4

Heap:
 PSYoungGen      total 29696K, used 21951K [0x00000000eab00000, 0x00000000ecc00000, 0x0000000100000000)
  eden space 25600K, 69% used [0x00000000eab00000,0x00000000ebc77cc0,0x00000000ec400000)
  from space 4096K, 99% used [0x00000000ec800000,0x00000000ecbf80f0,0x00000000ecc00000)
  to   space 4096K, 0% used [0x00000000ec400000,0x00000000ec400000,0x00000000ec800000)
 ParOldGen       total 68608K, used 1224K [0x00000000c0000000, 0x00000000c4300000, 0x00000000eab00000)
  object space 68608K, 1% used [0x00000000c0000000,0x00000000c0132390,0x00000000c4300000)
 Metaspace       used 15163K, committed 15360K, reserved 1114112K
  class space    used 1496K, committed 1600K, reserved 1048576K

Card table byte_map: [0x0000022883360000,0x0000022883570000] _byte_map_base: 0x0000022882d60000

Marking Bits: (ParMarkBitMap*) 0x00007ffcd9e7d0b0
 Begin Bits: [0x0000022895660000, 0x0000022896660000)
 End Bits:   [0x0000022896660000, 0x0000022897660000)

Polling page: 0x0000022881980000

Metaspace:

Usage:
  Non-class:     13.35 MB used.
      Class:      1.46 MB used.
       Both:     14.81 MB used.

Virtual space:
  Non-class space:       64.00 MB reserved,      13.44 MB ( 21%) committed,  1 nodes.
      Class space:        1.00 GB reserved,       1.56 MB ( <1%) committed,  1 nodes.
             Both:        1.06 GB reserved,      15.00 MB (  1%) committed. 

Chunk freelists:
   Non-Class:  2.25 MB
       Class:  14.42 MB
        Both:  16.67 MB

MaxMetaspaceSize: unlimited
CompressedClassSpaceSize: 1.00 GB
Initial GC threshold: 21.00 MB
Current GC threshold: 21.00 MB
CDS: off
MetaspaceReclaimPolicy: balanced
 - commit_granule_bytes: 65536.
 - commit_granule_words: 8192.
 - virtual_space_node_default_size: 8388608.
 - enlarge_chunks_in_place: 1.
 - new_chunks_are_fully_committed: 0.
 - uncommit_free_chunks: 1.
 - use_allocation_guard: 0.
 - handle_deallocations: 1.


Internal statistics:

num_allocs_failed_limit: 0.
num_arena_births: 56.
num_arena_deaths: 0.
num_vsnodes_births: 2.
num_vsnodes_deaths: 0.
num_space_committed: 240.
num_space_uncommitted: 0.
num_chunks_returned_to_freelist: 0.
num_chunks_taken_from_freelist: 252.
num_chunk_merges: 0.
num_chunk_splits: 167.
num_chunks_enlarged: 134.
num_inconsistent_stats: 0.

CodeHeap 'non-profiled nmethods': size=120000Kb used=786Kb max_used=786Kb free=119213Kb
 bounds [0x000002288e130000, 0x000002288e3a0000, 0x0000022895660000]
CodeHeap 'profiled nmethods': size=120000Kb used=4028Kb max_used=4028Kb free=115971Kb
 bounds [0x0000022886660000, 0x0000022886a50000, 0x000002288db90000]
CodeHeap 'non-nmethods': size=5760Kb used=1159Kb max_used=1178Kb free=4600Kb
 bounds [0x000002288db90000, 0x000002288de00000, 0x000002288e130000]
 total_blobs=2439 nmethods=1989 adapters=364
 compilation: enabled
              stopped_count=0, restarted_count=0
 full_count=0

Compilation events (20 events):
Event: 58.811 Thread 0x0000022897832db0 nmethod 1978 0x0000022886a44e90 code [0x0000022886a45240, 0x0000022886a46bf8]
Event: 58.812 Thread 0x0000022897832db0 1979       3       java.util.concurrent.SynchronousQueue::offer (31 bytes)
Event: 58.813 Thread 0x0000022897832db0 nmethod 1979 0x0000022886a47410 code [0x0000022886a475c0, 0x0000022886a478f8]
Event: 58.813 Thread 0x0000022897832db0 1980   !   3       java.util.AbstractSet::equals (45 bytes)
Event: 58.814 Thread 0x0000022897832db0 nmethod 1980 0x0000022886a47a10 code [0x0000022886a47c00, 0x0000022886a482e8]
Event: 58.816 Thread 0x0000022897832db0 1981       1       java.util.Collections$SingletonList::size (2 bytes)
Event: 58.816 Thread 0x0000022897832db0 nmethod 1981 0x000002288e1f3b10 code [0x000002288e1f3ca0, 0x000002288e1f3d78]
Event: 58.825 Thread 0x0000022897832db0 1982       3       org.apache.felix.resolver.util.OpenHashMap::values (24 bytes)
Event: 58.826 Thread 0x0000022897832db0 nmethod 1982 0x0000022886a48410 code [0x0000022886a485c0, 0x0000022886a488f8]
Event: 58.828 Thread 0x00000228978305e0 1983       4       java.util.Collections$SingletonMap::get (20 bytes)
Event: 58.832 Thread 0x00000228978305e0 nmethod 1983 0x000002288e1f3e10 code [0x000002288e1f3fa0, 0x000002288e1f41b8]
Event: 58.838 Thread 0x00000228978305e0 1984       4       org.apache.felix.resolver.ResolverImpl::mergeUses (495 bytes)
Event: 58.842 Thread 0x0000022897832db0 1986       3       org.apache.felix.resolver.ResolverImpl$Packages$3::compute (9 bytes)
Event: 58.843 Thread 0x0000022897832db0 nmethod 1986 0x0000022886a48a90 code [0x0000022886a48c60, 0x0000022886a491d8]
Event: 58.843 Thread 0x0000022897832db0 1987       3       org.apache.felix.resolver.ResolverImpl$Packages$3$1::compute (9 bytes)
Event: 58.844 Thread 0x0000022897832db0 nmethod 1987 0x0000022886a49410 code [0x0000022886a49600, 0x0000022886a49bb8]
Event: 59.142 Thread 0x0000022897832db0 1989       3       java.util.concurrent.ConcurrentLinkedQueue::poll (84 bytes)
Event: 59.213 Thread 0x0000022897832db0 nmethod 1989 0x0000022886a49d90 code [0x0000022886a4a440, 0x0000022886a4dee8]
Event: 59.213 Thread 0x0000022897832db0 1990       3       java.util.concurrent.FutureTask::isDone (13 bytes)
Event: 59.213 Thread 0x0000022897832db0 nmethod 1990 0x0000022886a4ef90 code [0x0000022886a4f120, 0x0000022886a4f298]

GC Heap History (4 events):
Event: 8.646 GC heap before
{Heap before GC invocations=1 (full 0):
 PSYoungGen      total 29696K, used 25600K [0x00000000eab00000, 0x00000000ecc00000, 0x0000000100000000)
  eden space 25600K, 100% used [0x00000000eab00000,0x00000000ec400000,0x00000000ec400000)
  from space 4096K, 0% used [0x00000000ec800000,0x00000000ec800000,0x00000000ecc00000)
  to   space 4096K, 0% used [0x00000000ec400000,0x00000000ec400000,0x00000000ec800000)
 ParOldGen       total 68608K, used 0K [0x00000000c0000000, 0x00000000c4300000, 0x00000000eab00000)
  object space 68608K, 0% used [0x00000000c0000000,0x00000000c0000000,0x00000000c4300000)
 Metaspace       used 11178K, committed 11328K, reserved 1114112K
  class space    used 1122K, committed 1216K, reserved 1048576K
}
Event: 8.713 GC heap after
{Heap after GC invocations=1 (full 0):
 PSYoungGen      total 29696K, used 3171K [0x00000000eab00000, 0x00000000ecc00000, 0x0000000100000000)
  eden space 25600K, 0% used [0x00000000eab00000,0x00000000eab00000,0x00000000ec400000)
  from space 4096K, 77% used [0x00000000ec400000,0x00000000ec718c28,0x00000000ec800000)
  to   space 4096K, 0% used [0x00000000ec800000,0x00000000ec800000,0x00000000ecc00000)
 ParOldGen       total 68608K, used 0K [0x00000000c0000000, 0x00000000c4300000, 0x00000000eab00000)
  object space 68608K, 0% used [0x00000000c0000000,0x00000000c0000000,0x00000000c4300000)
 Metaspace       used 11178K, committed 11328K, reserved 1114112K
  class space    used 1122K, committed 1216K, reserved 1048576K
}
Event: 53.406 GC heap before
{Heap before GC invocations=2 (full 0):
 PSYoungGen      total 29696K, used 28771K [0x00000000eab00000, 0x00000000ecc00000, 0x0000000100000000)
  eden space 25600K, 100% used [0x00000000eab00000,0x00000000ec400000,0x00000000ec400000)
  from space 4096K, 77% used [0x00000000ec400000,0x00000000ec718c28,0x00000000ec800000)
  to   space 4096K, 0% used [0x00000000ec800000,0x00000000ec800000,0x00000000ecc00000)
 ParOldGen       total 68608K, used 0K [0x00000000c0000000, 0x00000000c4300000, 0x00000000eab00000)
  object space 68608K, 0% used [0x00000000c0000000,0x00000000c0000000,0x00000000c4300000)
 Metaspace       used 14697K, committed 14848K, reserved 1114112K
  class space    used 1461K, committed 1536K, reserved 1048576K
}
Event: 53.625 GC heap after
{Heap after GC invocations=2 (full 0):
 PSYoungGen      total 29696K, used 4064K [0x00000000eab00000, 0x00000000ecc00000, 0x0000000100000000)
  eden space 25600K, 0% used [0x00000000eab00000,0x00000000eab00000,0x00000000ec400000)
  from space 4096K, 99% used [0x00000000ec800000,0x00000000ecbf80f0,0x00000000ecc00000)
  to   space 4096K, 0% used [0x00000000ec400000,0x00000000ec400000,0x00000000ec800000)
 ParOldGen       total 68608K, used 1224K [0x00000000c0000000, 0x00000000c4300000, 0x00000000eab00000)
  object space 68608K, 1% used [0x00000000c0000000,0x00000000c0132390,0x00000000c4300000)
 Metaspace       used 14697K, committed 14848K, reserved 1114112K
  class space    used 1461K, committed 1536K, reserved 1048576K
}

Dll operation events (9 events):
Event: 0.742 Loaded shared library c:\Users\user\.vscode\extensions\redhat.java-1.25.0-win32-x64\jre\17.0.9-win32-x86_64\bin\java.dll
Event: 1.562 Loaded shared library c:\Users\user\.vscode\extensions\redhat.java-1.25.0-win32-x64\jre\17.0.9-win32-x86_64\bin\zip.dll
Event: 1.581 Loaded shared library C:\Users\user\.vscode\extensions\redhat.java-1.25.0-win32-x64\jre\17.0.9-win32-x86_64\bin\instrument.dll
Event: 1.897 Loaded shared library C:\Users\user\.vscode\extensions\redhat.java-1.25.0-win32-x64\jre\17.0.9-win32-x86_64\bin\net.dll
Event: 2.040 Loaded shared library C:\Users\user\.vscode\extensions\redhat.java-1.25.0-win32-x64\jre\17.0.9-win32-x86_64\bin\nio.dll
Event: 2.067 Loaded shared library C:\Users\user\.vscode\extensions\redhat.java-1.25.0-win32-x64\jre\17.0.9-win32-x86_64\bin\zip.dll
Event: 2.302 Loaded shared library C:\Users\user\.vscode\extensions\redhat.java-1.25.0-win32-x64\jre\17.0.9-win32-x86_64\bin\jimage.dll
Event: 3.832 Loaded shared library c:\Users\user\.vscode\extensions\redhat.java-1.25.0-win32-x64\jre\17.0.9-win32-x86_64\bin\verify.dll
Event: 57.669 Loaded shared library C:\Users\user\AppData\Roaming\Code\User\globalStorage\redhat.java\1.25.0\config_ss_win\org.eclipse.equinox.launcher\org.eclipse.equinox.launcher.win32.win32.x86_64_1.2.800.v20231003-1442\eclipse_11802.dll

Deoptimization events (20 events):
Event: 45.490 Thread 0x000002289ce274f0 DEOPT PACKING pc=0x000002288e1b3d08 sp=0x0000008dc85feab0
Event: 45.490 Thread 0x000002289ce274f0 DEOPT UNPACKING pc=0x000002288dbe66a3 sp=0x0000008dc85fe9d0 mode 2
Event: 45.515 Thread 0x000002289ce274f0 Uncommon trap: trap_request=0xffffff45 fr.pc=0x000002288e1ac78c relative=0x000000000000024c
Event: 45.515 Thread 0x000002289ce274f0 Uncommon trap: reason=unstable_if action=reinterpret pc=0x000002288e1ac78c method=java.util.HashMap.getNode(Ljava/lang/Object;)Ljava/util/HashMap$Node; @ 66 c2
Event: 45.515 Thread 0x000002289ce274f0 DEOPT PACKING pc=0x000002288e1ac78c sp=0x0000008dc85fea20
Event: 45.515 Thread 0x000002289ce274f0 DEOPT UNPACKING pc=0x000002288dbe66a3 sp=0x0000008dc85fe9a0 mode 2
Event: 46.377 Thread 0x000002289ce274f0 Uncommon trap: trap_request=0xffffff45 fr.pc=0x000002288e183974 relative=0x0000000000000074
Event: 46.377 Thread 0x000002289ce274f0 Uncommon trap: reason=unstable_if action=reinterpret pc=0x000002288e183974 method=jdk.internal.misc.Unsafe.convEndian(ZJ)J @ 4 c2
Event: 46.377 Thread 0x000002289ce274f0 DEOPT PACKING pc=0x000002288e183974 sp=0x0000008dc85fcef0
Event: 46.377 Thread 0x000002289ce274f0 DEOPT UNPACKING pc=0x000002288dbe66a3 sp=0x0000008dc85fce18 mode 2
Event: 53.193 Thread 0x00000228839b7cd0 Uncommon trap: trap_request=0xffffff45 fr.pc=0x000002288e156c20 relative=0x0000000000000280
Event: 53.193 Thread 0x00000228839b7cd0 Uncommon trap: reason=unstable_if action=reinterpret pc=0x000002288e156c20 method=java.util.HashMap$HashIterator.<init>(Ljava/util/HashMap;)V @ 45 c2
Event: 53.193 Thread 0x00000228839b7cd0 DEOPT PACKING pc=0x000002288e156c20 sp=0x0000008dc6ffe330
Event: 53.193 Thread 0x00000228839b7cd0 DEOPT UNPACKING pc=0x000002288dbe66a3 sp=0x0000008dc6ffe2c8 mode 2
Event: 54.001 Thread 0x00000228839b7cd0 DEOPT PACKING pc=0x0000022886930840 sp=0x0000008dc6ffe260
Event: 54.001 Thread 0x00000228839b7cd0 DEOPT UNPACKING pc=0x000002288dbe6e43 sp=0x0000008dc6ffd740 mode 0
Event: 55.066 Thread 0x000002289cca2d20 Uncommon trap: trap_request=0xffffff45 fr.pc=0x000002288e1e67f4 relative=0x00000000000000d4
Event: 55.066 Thread 0x000002289cca2d20 Uncommon trap: reason=unstable_if action=reinterpret pc=0x000002288e1e67f4 method=org.eclipse.osgi.internal.framework.FilterImpl$Parser.skipWhiteSpace()V @ 39 c2
Event: 55.066 Thread 0x000002289cca2d20 DEOPT PACKING pc=0x000002288e1e67f4 sp=0x0000008dc83fe890
Event: 55.066 Thread 0x000002289cca2d20 DEOPT UNPACKING pc=0x000002288dbe66a3 sp=0x0000008dc83fe830 mode 2

Classes unloaded (0 events):
No events

Classes redefined (0 events):
No events

Internal exceptions (20 events):
Event: 6.658 Thread 0x00000228839b7cd0 Exception <a 'sun/nio/fs/WindowsException'{0x00000000eb8d2408}> (0x00000000eb8d2408) 
thrown [s\src\hotspot\share\prims\jni.cpp, line 516]
Event: 6.658 Thread 0x00000228839b7cd0 Exception <a 'sun/nio/fs/WindowsException'{0x00000000eb8d2b80}> (0x00000000eb8d2b80) 
thrown [s\src\hotspot\share\prims\jni.cpp, line 516]
Event: 7.834 Thread 0x00000228839b7cd0 Exception <a 'java/lang/ClassNotFoundException'{0x00000000ec0db450}: sun/net/www/protocol/c/Handler> (0x00000000ec0db450) 
thrown [s\src\hotspot\share\classfile\systemDictionary.cpp, line 256]
Event: 7.845 Thread 0x00000228839b7cd0 Exception <a 'java/lang/ClassNotFoundException'{0x00000000ec0dc750}: sun/net/www/protocol/c/Handler> (0x00000000ec0dc750) 
thrown [s\src\hotspot\share\classfile\systemDictionary.cpp, line 256]
Event: 7.846 Thread 0x00000228839b7cd0 Exception <a 'java/lang/ClassNotFoundException'{0x00000000ec0dd868}: sun/net/www/protocol/c/Handler> (0x00000000ec0dd868) 
thrown [s\src\hotspot\share\classfile\systemDictionary.cpp, line 256]
Event: 7.869 Thread 0x00000228839b7cd0 Exception <a 'java/io/FileNotFoundException'{0x00000000ec0fc5c0}> (0x00000000ec0fc5c0) 
thrown [s\src\hotspot\share\prims\jni.cpp, line 516]
Event: 8.045 Thread 0x00000228839b7cd0 Implicit null exception at 0x000002288e16e45b to 0x000002288e16ee40
Event: 8.045 Thread 0x00000228839b7cd0 Implicit null exception at 0x000002288e17afec to 0x000002288e17b1cc
Event: 8.046 Thread 0x00000228839b7cd0 Implicit null exception at 0x000002288e171e8c to 0x000002288e1720a0
Event: 8.046 Thread 0x00000228839b7cd0 Implicit null exception at 0x000002288e170f8f to 0x000002288e171005
Event: 8.441 Thread 0x00000228839b7cd0 Exception <a 'java/lang/NoSuchMethodError'{0x00000000ec3cdf38}: 'int java.lang.invoke.DirectMethodHandle$Holder.invokeStaticInit(java.lang.Object, java.lang.Object, java.lang.Object, java.lang.Object)'> (0x00000000ec3cdf38) 
thrown [s\src\hotspot\share\interpreter\linkResolver.cpp, line 759]
Event: 8.502 Thread 0x00000228839b7cd0 Exception <a 'java/lang/NoSuchMethodError'{0x00000000ec3d85a8}: 'java.lang.Object java.lang.invoke.DirectMethodHandle$Holder.invokeInterface(java.lang.Object, java.lang.Object)'> (0x00000000ec3d85a8) 
thrown [s\src\hotspot\share\interpreter\linkResolver.cpp, line 759]
Event: 8.506 Thread 0x00000228839b7cd0 Exception <a 'java/lang/IncompatibleClassChangeError'{0x00000000ec3dbda0}: Found class java.lang.Object, but interface was expected> (0x00000000ec3dbda0) 
thrown [s\src\hotspot\share\interpreter\linkResolver.cpp, line 826]
Event: 8.528 Thread 0x00000228839b7cd0 Exception <a 'java/lang/NoSuchMethodError'{0x00000000ec3e0298}: 'void java.lang.invoke.DirectMethodHandle$Holder.invokeStatic(java.lang.Object, java.lang.Object)'> (0x00000000ec3e0298) 
thrown [s\src\hotspot\share\interpreter\linkResolver.cpp, line 759]
Event: 8.535 Thread 0x00000228839b7cd0 Exception <a 'java/lang/NoSuchMethodError'{0x00000000ec3e3a98}: 'void java.lang.invoke.DirectMethodHandle$Holder.invokeStaticInit(java.lang.Object, java.lang.Object)'> (0x00000000ec3e3a98) 
thrown [s\src\hotspot\share\interpreter\linkResolver.cpp, line 759]
Event: 8.553 Thread 0x00000228839b7cd0 Exception <a 'java/lang/NoSuchMethodError'{0x00000000ec3ec750}: 'int java.lang.invoke.DirectMethodHandle$Holder.invokeStaticInit(java.lang.Object, java.lang.Object)'> (0x00000000ec3ec750) 
thrown [s\src\hotspot\share\interpreter\linkResolver.cpp, line 759]
Event: 11.202 Thread 0x00000228839b7cd0 Exception <a 'java/lang/NoSuchMethodError'{0x00000000eb629ba8}: 'int java.lang.invoke.DirectMethodHandle$Holder.invokeSpecial(java.lang.Object, java.lang.Object, java.lang.Object)'> (0x00000000eb629ba8) 
thrown [s\src\hotspot\share\interpreter\linkResolver.cpp, line 759]
Event: 11.721 Thread 0x00000228839b7cd0 Exception <a 'java/lang/NoSuchMethodError'{0x00000000ebb5bca0}: 'java.lang.Object java.lang.invoke.DirectMethodHandle$Holder.newInvokeSpecial(java.lang.Object, int, java.lang.Object)'> (0x00000000ebb5bca0) 
thrown [s\src\hotspot\share\interpreter\linkResolver.cpp, line 759]
Event: 54.669 Thread 0x00000228839b7cd0 Exception <a 'java/lang/UnsatisfiedLinkError'{0x00000000eb535df8}: 'void org.eclipse.equinox.launcher.JNIBridge._update_splash()'> (0x00000000eb535df8) 
thrown [s\src\hotspot\share\prims\nativeLookup.cpp, line 543]
Event: 54.720 Thread 0x000002289cca2d20 Exception <a 'java/lang/NoSuchMethodError'{0x00000000eb5b79e0}: 'java.lang.Object java.lang.invoke.Invokers$Holder.invokeExact_MT(java.lang.Object, java.lang.Object, java.lang.Object, java.lang.Object, java.lang.Object, java.lang.Object)'> (0x00000000eb5b79e0) 
thrown [s\src\hotspot\share\interpreter\linkResolver.cpp, line 759]

VM Operations (20 events):
Event: 45.862 Executing VM operation: Cleanup
Event: 45.877 Executing VM operation: Cleanup done
Event: 46.112 Executing VM operation: HandshakeAllThreads
Event: 46.116 Executing VM operation: HandshakeAllThreads done
Event: 46.342 Executing VM operation: HandshakeAllThreads
Event: 46.342 Executing VM operation: HandshakeAllThreads done
Event: 47.356 Executing VM operation: Cleanup
Event: 47.356 Executing VM operation: Cleanup done
Event: 53.404 Executing VM operation: ParallelGCFailedAllocation
Event: 53.625 Executing VM operation: ParallelGCFailedAllocation done
Event: 54.640 Executing VM operation: Cleanup
Event: 54.657 Executing VM operation: Cleanup done
Event: 54.671 Executing VM operation: HandshakeAllThreads
Event: 54.671 Executing VM operation: HandshakeAllThreads done
Event: 55.239 Executing VM operation: HandshakeAllThreads
Event: 55.239 Executing VM operation: HandshakeAllThreads done
Event: 56.248 Executing VM operation: Cleanup
Event: 57.673 Executing VM operation: Cleanup done
Event: 58.689 Executing VM operation: Cleanup
Event: 58.795 Executing VM operation: Cleanup done

Events (20 events):
Event: 54.751 loading class java/util/Comparators$NaturalOrderComparator
Event: 54.783 loading class java/util/Comparators$NaturalOrderComparator done
Event: 54.783 loading class java/util/Collections$ReverseComparator2
Event: 54.791 loading class java/util/Collections$ReverseComparator2 done
Event: 54.859 loading class java/util/function/BiPredicate
Event: 54.861 loading class java/util/function/BiPredicate done
Event: 55.233 loading class java/util/TreeMap$EntrySet
Event: 55.234 loading class java/util/TreeMap$EntrySet done
Event: 55.235 loading class java/util/TreeMap$EntryIterator
Event: 55.235 loading class java/util/TreeMap$EntryIterator done
Event: 55.282 Thread 0x000002289cca13d0 Thread added: 0x000002289cca13d0
Event: 55.282 Thread 0x000002289cca1df0 Thread added: 0x000002289cca1df0
Event: 55.282 Thread 0x000002289cca2300 Thread added: 0x000002289cca2300
Event: 55.283 Thread 0x000002289d3dde80 Thread added: 0x000002289d3dde80
Event: 55.288 loading class java/util/AbstractList$Itr
Event: 55.296 loading class java/util/AbstractList$Itr done
Event: 57.761 loading class java/util/concurrent/locks/AbstractQueuedSynchronizer$SharedNode
Event: 57.762 loading class java/util/concurrent/locks/AbstractQueuedSynchronizer$SharedNode done
Event: 57.762 loading class java/util/concurrent/locks/AbstractQueuedSynchronizer$ExclusiveNode
Event: 57.762 loading class java/util/concurrent/locks/AbstractQueuedSynchronizer$ExclusiveNode done


Dynamic libraries:
0x00007ff625560000 - 0x00007ff62556e000 	c:\Users\user\.vscode\extensions\redhat.java-1.25.0-win32-x64\jre\17.0.9-win32-x86_64\bin\java.exe
0x00007ffd40c50000 - 0x00007ffd40e48000 	C:\WINDOWS\SYSTEM32\ntdll.dll
0x00007ffd3f060000 - 0x00007ffd3f11d000 	C:\WINDOWS\System32\KERNEL32.DLL
0x00007ffd3e5b0000 - 0x00007ffd3e8a6000 	C:\WINDOWS\System32\KERNELBASE.dll
0x00007ffd3ea40000 - 0x00007ffd3eb40000 	C:\WINDOWS\System32\ucrtbase.dll
0x00007ffd2f920000 - 0x00007ffd2f93b000 	c:\Users\user\.vscode\extensions\redhat.java-1.25.0-win32-x64\jre\17.0.9-win32-x86_64\bin\VCRUNTIME140.dll
0x00007ffd29180000 - 0x00007ffd29197000 	c:\Users\user\.vscode\extensions\redhat.java-1.25.0-win32-x64\jre\17.0.9-win32-x86_64\bin\jli.dll
0x00007ffd3edf0000 - 0x00007ffd3ef8e000 	C:\WINDOWS\System32\USER32.dll
0x00007ffd3e8b0000 - 0x00007ffd3e8d2000 	C:\WINDOWS\System32\win32u.dll
0x00007ffd3fb80000 - 0x00007ffd3fbac000 	C:\WINDOWS\System32\GDI32.dll
0x00007ffd3e490000 - 0x00007ffd3e5aa000 	C:\WINDOWS\System32\gdi32full.dll
0x00007ffd3e9a0000 - 0x00007ffd3ea3d000 	C:\WINDOWS\System32\msvcp_win.dll
0x00007ffd2d300000 - 0x00007ffd2d59a000 	C:\WINDOWS\WinSxS\amd64_microsoft.windows.common-controls_6595b64144ccf1df_6.0.19041.3636_none_60b6a03d71f818d5\COMCTL32.dll
0x00007ffd40650000 - 0x00007ffd406ee000 	C:\WINDOWS\System32\msvcrt.dll
0x00007ffd3f030000 - 0x00007ffd3f060000 	C:\WINDOWS\System32\IMM32.DLL
0x00007ffd3a200000 - 0x00007ffd3a20c000 	c:\Users\user\.vscode\extensions\redhat.java-1.25.0-win32-x64\jre\17.0.9-win32-x86_64\bin\vcruntime140_1.dll
0x00007ffce8210000 - 0x00007ffce829d000 	c:\Users\user\.vscode\extensions\redhat.java-1.25.0-win32-x64\jre\17.0.9-win32-x86_64\bin\msvcp140.dll
0x00007ffcd92e0000 - 0x00007ffcd9f41000 	c:\Users\user\.vscode\extensions\redhat.java-1.25.0-win32-x64\jre\17.0.9-win32-x86_64\bin\server\jvm.dll
0x00007ffd406f0000 - 0x00007ffd4079f000 	C:\WINDOWS\System32\ADVAPI32.dll
0x00007ffd3fae0000 - 0x00007ffd3fb7c000 	C:\WINDOWS\System32\sechost.dll
0x00007ffd3ecb0000 - 0x00007ffd3edd6000 	C:\WINDOWS\System32\RPCRT4.dll
0x00007ffd3d850000 - 0x00007ffd3d89b000 	C:\WINDOWS\SYSTEM32\POWRPROF.dll
0x00007ffd35970000 - 0x00007ffd3597a000 	C:\WINDOWS\SYSTEM32\VERSION.dll
0x00007ffd35940000 - 0x00007ffd35967000 	C:\WINDOWS\SYSTEM32\WINMM.dll
0x00007ffd34a00000 - 0x00007ffd34a09000 	C:\WINDOWS\SYSTEM32\WSOCK32.dll
0x00007ffd3f120000 - 0x00007ffd3f18b000 	C:\WINDOWS\System32\WS2_32.dll
0x00007ffd3d710000 - 0x00007ffd3d722000 	C:\WINDOWS\SYSTEM32\UMPDC.dll
0x00007ffd3c1b0000 - 0x00007ffd3c1c2000 	C:\WINDOWS\SYSTEM32\kernel.appcore.dll
0x00007ffd306c0000 - 0x00007ffd306ca000 	c:\Users\user\.vscode\extensions\redhat.java-1.25.0-win32-x64\jre\17.0.9-win32-x86_64\bin\jimage.dll
0x00007ffd2ccc0000 - 0x00007ffd2cea4000 	C:\WINDOWS\SYSTEM32\DBGHELP.DLL
0x00007ffd2caa0000 - 0x00007ffd2cad4000 	C:\WINDOWS\SYSTEM32\dbgcore.DLL
0x00007ffd3eb70000 - 0x00007ffd3ebf2000 	C:\WINDOWS\System32\bcryptPrimitives.dll
0x00007ffd2fa50000 - 0x00007ffd2fa5e000 	c:\Users\user\.vscode\extensions\redhat.java-1.25.0-win32-x64\jre\17.0.9-win32-x86_64\bin\instrument.dll
0x00007ffcf2c00000 - 0x00007ffcf2c25000 	c:\Users\user\.vscode\extensions\redhat.java-1.25.0-win32-x64\jre\17.0.9-win32-x86_64\bin\java.dll
0x00007ffd0d210000 - 0x00007ffd0d228000 	c:\Users\user\.vscode\extensions\redhat.java-1.25.0-win32-x64\jre\17.0.9-win32-x86_64\bin\zip.dll
0x00007ffd3fe40000 - 0x00007ffd40584000 	C:\WINDOWS\System32\SHELL32.dll
0x00007ffd3c3b0000 - 0x00007ffd3cb4b000 	C:\WINDOWS\SYSTEM32\windows.storage.dll
0x00007ffd3f3f0000 - 0x00007ffd3f744000 	C:\WINDOWS\System32\combase.dll
0x00007ffd3dc90000 - 0x00007ffd3dcbd000 	C:\WINDOWS\SYSTEM32\Wldp.dll
0x00007ffd3f220000 - 0x00007ffd3f2cd000 	C:\WINDOWS\System32\SHCORE.dll
0x00007ffd3fcf0000 - 0x00007ffd3fd45000 	C:\WINDOWS\System32\shlwapi.dll
0x00007ffd3e260000 - 0x00007ffd3e285000 	C:\WINDOWS\SYSTEM32\profapi.dll
0x00007ffcf2be0000 - 0x00007ffcf2bf9000 	C:\Users\user\.vscode\extensions\redhat.java-1.25.0-win32-x64\jre\17.0.9-win32-x86_64\bin\net.dll
0x00007ffd34d00000 - 0x00007ffd34e0a000 	C:\WINDOWS\SYSTEM32\WINHTTP.dll
0x00007ffd3da70000 - 0x00007ffd3dada000 	C:\WINDOWS\system32\mswsock.dll
0x00007ffcedfc0000 - 0x00007ffcedfd6000 	C:\Users\user\.vscode\extensions\redhat.java-1.25.0-win32-x64\jre\17.0.9-win32-x86_64\bin\nio.dll
0x00007ffd26c20000 - 0x00007ffd26c30000 	c:\Users\user\.vscode\extensions\redhat.java-1.25.0-win32-x64\jre\17.0.9-win32-x86_64\bin\verify.dll
0x00007ffce1ce0000 - 0x00007ffce1d1e000 	C:\Users\user\AppData\Roaming\Code\User\globalStorage\redhat.java\1.25.0\config_ss_win\org.eclipse.equinox.launcher\org.eclipse.equinox.launcher.win32.win32.x86_64_1.2.800.v20231003-1442\eclipse_11802.dll
0x00007ffd3fbb0000 - 0x00007ffd3fcdb000 	C:\WINDOWS\System32\ole32.dll

dbghelp: loaded successfully - version: 4.0.5 - missing functions: none
symbol engine: initialized successfully - sym options: 0x614 - pdb path: .;c:\Users\user\.vscode\extensions\redhat.java-1.25.0-win32-x64\jre\17.0.9-win32-x86_64\bin;C:\WINDOWS\SYSTEM32;C:\WINDOWS\WinSxS\amd64_microsoft.windows.common-controls_6595b64144ccf1df_6.0.19041.3636_none_60b6a03d71f818d5;c:\Users\user\.vscode\extensions\redhat.java-1.25.0-win32-x64\jre\17.0.9-win32-x86_64\bin\server;C:\Users\user\AppData\Roaming\Code\User\globalStorage\redhat.java\1.25.0\config_ss_win\org.eclipse.equinox.launcher\org.eclipse.equinox.launcher.win32.win32.x86_64_1.2.800.v20231003-1442

VM Arguments:
jvm_args: --add-modules=ALL-SYSTEM --add-opens=java.base/java.util=ALL-UNNAMED --add-opens=java.base/java.lang=ALL-UNNAMED --add-opens=java.base/sun.nio.fs=ALL-UNNAMED -Declipse.application=org.eclipse.jdt.ls.core.id1 -Dosgi.bundles.defaultStartLevel=4 -Declipse.product=org.eclipse.jdt.ls.core.product -Djava.import.generatesMetadataFilesAtProjectRoot=false -DDetectVMInstallationsJob.disabled=true -Dfile.encoding=utf8 -XX:+UseParallelGC -XX:GCTimeRatio=4 -XX:AdaptiveSizePolicyWeight=90 -Dsun.zip.disableMemoryMapping=true -Xmx1G -Xms100m -Xlog:disable -javaagent:c:\Users\user\.vscode\extensions\redhat.java-1.25.0-win32-x64\lombok\lombok-1.18.30.jar 
java_command: c:\Users\user\.vscode\extensions\redhat.java-1.25.0-win32-x64\server\plugins\org.eclipse.equinox.launcher_1.6.600.v20231012-1237.jar -configuration c:\Users\user\AppData\Roaming\Code\User\globalStorage\redhat.java\1.25.0\config_ss_win -data c:\Users\user\AppData\Roaming\Code\User\workspaceStorage\abeb2184644045fce49d04a40c4006c5\redhat.java\ss_ws --stdio
java_class_path (initial): c:\Users\user\.vscode\extensions\redhat.java-1.25.0-win32-x64\server\plugins\org.eclipse.equinox.launcher_1.6.600.v20231012-1237.jar
Launcher Type: SUN_STANDARD

[Global flags]
    uintx AdaptiveSizePolicyWeight                 = 90                                        {product} {command line}
     intx CICompilerCount                          = 3                                         {product} {ergonomic}
    uintx GCTimeRatio                              = 4                                         {product} {command line}
   size_t InitialHeapSize                          = 104857600                                 {product} {command line}
   size_t MaxHeapSize                              = 1073741824                                {product} {command line}
   size_t MaxNewSize                               = 357564416                                 {product} {ergonomic}
   size_t MinHeapDeltaBytes                        = 524288                                    {product} {ergonomic}
   size_t MinHeapSize                              = 104857600                                 {product} {command line}
   size_t NewSize                                  = 34603008                                  {product} {ergonomic}
    uintx NonNMethodCodeHeapSize                   = 5832780                                {pd product} {ergonomic}
    uintx NonProfiledCodeHeapSize                  = 122912730                              {pd product} {ergonomic}
   size_t OldSize                                  = 70254592                                  {product} {ergonomic}
    uintx ProfiledCodeHeapSize                     = 122912730                              {pd product} {ergonomic}
    uintx ReservedCodeCacheSize                    = 251658240                              {pd product} {ergonomic}
     bool SegmentedCodeCache                       = true                                      {product} {ergonomic}
   size_t SoftMaxHeapSize                          = 1073741824                             {manageable} {ergonomic}
     bool UseCompressedClassPointers               = true                           {product lp64_product} {ergonomic}
     bool UseCompressedOops                        = true                           {product lp64_product} {ergonomic}
     bool UseLargePagesIndividualAllocation        = false                                  {pd product} {ergonomic}
     bool UseParallelGC                            = true                                      {product} {command line}

Logging:
Log output configuration:
 #0: stdout all=off uptime,level,tags
 #1: stderr all=off uptime,level,tags

Environment Variables:
PATH=C:\Program Files\Common Files\Oracle\Java\javapath;C:\WINDOWS\system32;C:\WINDOWS;C:\WINDOWS\System32\Wbem;C:\WINDOWS\System32\WindowsPowerShell\v1.0\;C:\Program Files (x86)\ATI Technologies\ATI.ACE\Core-Static;C:\Program Files\Git\cmd;C:\WINDOWS\System32\OpenSSH\;C:\Program Files\nodejs\;C:\Program Files\MySQL\MySQL Shell 8.0\bin\;C:\Users\user\AppData\Local\Microsoft\WindowsApps;C:\Users\user\AppData\Local\Programs\Microsoft VS Code\bin;C:\Users\user\AppData\Roaming\npm;C:\Users\user\AppData\Local\Programs\mongosh\
USERNAME=user
OS=Windows_NT
PROCESSOR_IDENTIFIER=Intel64 Family 6 Model 42 Stepping 7, GenuineIntel
TMP=C:\Users\user\AppData\Local\Temp
TEMP=C:\Users\user\AppData\Local\Temp



Periodic native trim disabled


---------------  S Y S T E M  ---------------

OS:
 Windows 10 , 64 bit Build 19041 (10.0.19041.3636)
OS uptime: 9 days 3:44 hours
Hyper-V role detected

CPU: total 4 (initial active 4) (2 cores per cpu, 2 threads per core) family 6 model 42 stepping 7 microcode 0x2f, cx8, cmov, fxsr, ht, mmx, sse, sse2, sse3, ssse3, sse4.1, sse4.2, popcnt, tsc, tscinvbit, avx, clmul, vzeroupper, clflush, hv
Processor Information for all 4 processors :
  Max Mhz: 2400, Current Mhz: 2400, Mhz Limit: 2400

Memory: 4k page, system-wide physical 1955M (158M free)
TotalPageFile size 7843M (AvailPageFile size 28M)
current process WorkingSet (physical memory assigned to process): 49M, peak: 71M
current process commit charge ("private bytes"): 201M, peak: 202M

vm_info: OpenJDK 64-Bit Server VM (17.0.9+9) for windows-amd64 JRE (17.0.9+9), built on Oct 26 2023 14:01:42 by "admin" with MS VC++ 16.10 / 16.11 (VS2019)

END.
